<?xml version="1.0" encoding="UTF-8"?>
<!-- Generated by org.testng.reporters.JUnitXMLReporter -->
<testsuite ignored="1" hostname="Subesh" failures="0" tests="2" name="Test1" time="5.61" errors="0" timestamp="2025-11-19T21:24:38 IST">
  <testcase classname="day5.Testng01" name="Test2" time="0.029"/>
  <testcase classname="day5.Testng01" name="Test3" time="0.394"/>
  <testcase classname="day5.Testng01" name="Test4" time="0.0">
    <ignored/>
  </testcase> <!-- Test4 -->
</testsuite> <!-- Test1 -->
