<?xml version="1.0" encoding="UTF-8"?>
<testsuite xmlns:xsi="http://www.w3.org/2001/XMLSchema-instance" xsi:noNamespaceSchemaLocation="https://maven.apache.org/surefire/maven-surefire-plugin/xsd/surefire-test-report.xsd" version="3.0.2" name="day5.Testng01" time="16.284" tests="3" errors="0" skipped="0" failures="0">
  <properties>
[...]
</properties>
  <testcase name="Test2" classname="day5.Testng01" time="0.017">
    <system-out><![CDATA[OrangeHRM
Current url: https://opensource-demo.orangehrmlive.com/web/index.php/auth/login
]]></system-out>
    <system-err><![CDATA[SLF4J(W): No SLF4J providers were found.
SLF4J(W): Defaulting to no-operation (NOP) logger implementation
SLF4J(W): See https://www.slf4j.org/codes.html#noProviders for further details.
]]></system-err>
  </testcase>
  <testcase name="Test3" classname="day5.Testng01" time="1.704">
    <system-out><![CDATA[Logo is not visible
]]></system-out>
  </testcase>
  <testcase name="Test4[Admin, 1234](1)" classname="day5.Testng01" time="0.181">
    <system-out><![CDATA[OrangeHRM
]]></system-out>
  </testcase>
</testsuite>